2025-05-21T22:53:17.975709121Z[36m [INFO][AUSF][Main] [0mAUSF version:  
	free5GC version: v4.0.0-15-gc42f141
	build time:      2025-05-09T16:55:39Z
	commit hash:     6ef66bb8
	commit time:     2025-03-03T11:31:57Z
	go version:      go1.21.8 linux/amd64
2025-05-21T22:53:17.977429098Z[36m [INFO][AUSF][CFG] [0mRead config from [./config/ausfcfg.yaml]
2025-05-21T22:53:17.979513848Z[36m [INFO][AUSF][Main] [0mLog enable is set to [true]
2025-05-21T22:53:17.979545467Z[36m [INFO][AUSF][Main] [0mLog level is set to [info]
2025-05-21T22:53:17.979551068Z[36m [INFO][AUSF][Main] [0mReport Caller is set to [false]
2025-05-21T22:53:17.979580553Z[36m [INFO][AUSF][Init] [0mausfconfig Info: Version[1.0.3] Description[AUSF initial local configuration]
ausf context =  &{{{0 0} {[] {} <nil>} map[] 0} {{0 0} {[] {} <nil>} map[] 0} bdecd084-a1ad-465a-8288-f88940594f63 ausfGroup001 8000 ausf.free5gc.org ausf.free5gc.org http://ausf.free5gc.org:8000 http http://nrf.free5gc.org:8000 cert/nrf.pem map[nausf-auth:{bdecd084-a1ad-465a-8288-f88940594f63 nausf-auth [{v1 1.0.3 <nil>}] http REGISTERED   [{ausf.free5gc.org   8000}]  [] [] [] [] [] [] map[] map[] 0 0 0 <nil> <nil>  [] [] []  map[] false <nil>}] [{208 93} {123 45}]  0xc000587b80 false false}
2025-05-21T22:53:17.979757565Z[36m [INFO][AUSF][SBI] [0mBinding addr: [ausf.free5gc.org:8000]
2025-05-21T22:53:17.979791379Z[36m [INFO][AUSF][Init] [0mServer started
2025-05-21T22:53:17.995163211Z[36m [INFO][AUSF][Main] [0mOAuth2 setting receive from NRF: true
2025-05-21T22:53:17.995204008Z[36m [INFO][AUSF][SBI] [0mStart SBI server (listen on ausf.free5gc.org:8000)
2025-05-21T22:53:58.194164590Z[36m [INFO][AUSF][UeAuth] [0mHandleUeAuthPostRequest
2025-05-21T22:53:58.194180801Z[36m [INFO][AUSF][UeAuth] [0mServing network authorized
2025-05-21T22:53:58.212600418Z[36m [INFO][AUSF][UeAuth] [0mAdd SuciSupiPair (suci-0-208-93-0000-0-0-0000000001, imsi-208930000000001) to map.
2025-05-21T22:53:58.212617791Z[36m [INFO][AUSF][UeAuth] [0mUse 5G AKA auth method
2025-05-21T22:53:58.212630124Z[36m [INFO][AUSF][5gAka] [0mXresStar = 3333356132353434613233396461343561396261306461623031636361313430
2025-05-21T22:53:58.212696208Z[36m [INFO][AUSF][GIN] [0m| 201 |   10.100.200.11 | POST    | /nausf-auth/v1/ue-authentications |
2025-05-21T22:53:58.218527318Z[36m [INFO][AUSF][5gAka] [0mAuth5gAkaComfirmRequest
2025-05-21T22:53:58.218549009Z[36m [INFO][AUSF][5gAka] [0mres*: 3333356132353434613233396461343561396261306461623031636361313430
Xres*: 3333356132353434613233396461343561396261306461623031636361313430
2025-05-21T22:53:58.218553137Z[36m [INFO][AUSF][5gAka] [0m5G AKA confirmation succeeded
2025-05-21T22:53:58.238495872Z[36m [INFO][AUSF][GIN] [0m| 200 |   10.100.200.11 | PUT     | /nausf-auth/v1/ue-authentications/suci-0-208-93-0000-0-0-0000000001/5g-aka-confirmation |
2025-05-21T22:54:16.837951067Z[36m [INFO][AUSF][UeAuth] [0mHandleUeAuthPostRequest
2025-05-21T22:54:16.837971946Z[36m [INFO][AUSF][UeAuth] [0mServing network authorized
2025-05-21T22:54:16.855665034Z[36m [INFO][AUSF][UeAuth] [0mAdd SuciSupiPair (suci-0-208-93-0000-0-0-0000000002, imsi-208930000000002) to map.
2025-05-21T22:54:16.855683118Z[36m [INFO][AUSF][UeAuth] [0mUse 5G AKA auth method
2025-05-21T22:54:16.855699199Z[36m [INFO][AUSF][5gAka] [0mXresStar = 6130383434383537616364363830336362393133316633396466643732643266
2025-05-21T22:54:16.855743131Z[36m [INFO][AUSF][GIN] [0m| 201 |   10.100.200.11 | POST    | /nausf-auth/v1/ue-authentications |
2025-05-21T22:54:16.860773890Z[36m [INFO][AUSF][5gAka] [0mAuth5gAkaComfirmRequest
2025-05-21T22:54:16.860790261Z[36m [INFO][AUSF][5gAka] [0mres*: 6130383434383537616364363830336362393133316633396466643732643266
Xres*: 6130383434383537616364363830336362393133316633396466643732643266
2025-05-21T22:54:16.860794669Z[36m [INFO][AUSF][5gAka] [0m5G AKA confirmation succeeded
2025-05-21T22:54:16.869609929Z[36m [INFO][AUSF][GIN] [0m| 200 |   10.100.200.11 | PUT     | /nausf-auth/v1/ue-authentications/suci-0-208-93-0000-0-0-0000000002/5g-aka-confirmation |
2025-05-21T22:54:19.004790934Z[36m [INFO][AUSF][UeAuth] [0mHandleUeAuthPostRequest
2025-05-21T22:54:19.004809118Z[36m [INFO][AUSF][UeAuth] [0mServing network authorized
2025-05-21T22:54:19.021614771Z[36m [INFO][AUSF][UeAuth] [0mAdd SuciSupiPair (suci-0-208-93-0000-0-0-0000000003, imsi-208930000000003) to map.
2025-05-21T22:54:19.021635680Z[36m [INFO][AUSF][UeAuth] [0mUse 5G AKA auth method
2025-05-21T22:54:19.021644968Z[36m [INFO][AUSF][5gAka] [0mXresStar = 3436376435363532626431323133333862383730663562316562636665306162
2025-05-21T22:54:19.021690213Z[36m [INFO][AUSF][GIN] [0m| 201 |   10.100.200.11 | POST    | /nausf-auth/v1/ue-authentications |
2025-05-21T22:54:19.026781926Z[36m [INFO][AUSF][5gAka] [0mAuth5gAkaComfirmRequest
2025-05-21T22:54:19.026799660Z[36m [INFO][AUSF][5gAka] [0mres*: 3436376435363532626431323133333862383730663562316562636665306162
Xres*: 3436376435363532626431323133333862383730663562316562636665306162
2025-05-21T22:54:19.026809007Z[36m [INFO][AUSF][5gAka] [0m5G AKA confirmation succeeded
2025-05-21T22:54:19.035429582Z[36m [INFO][AUSF][GIN] [0m| 200 |   10.100.200.11 | PUT     | /nausf-auth/v1/ue-authentications/suci-0-208-93-0000-0-0-0000000003/5g-aka-confirmation |
2025-05-21T22:54:21.190794165Z[36m [INFO][AUSF][UeAuth] [0mHandleUeAuthPostRequest
2025-05-21T22:54:21.190811007Z[36m [INFO][AUSF][UeAuth] [0mServing network authorized
2025-05-21T22:54:21.208113984Z[36m [INFO][AUSF][UeAuth] [0mAdd SuciSupiPair (suci-0-208-93-0000-0-0-0000000004, imsi-208930000000004) to map.
2025-05-21T22:54:21.208143759Z[36m [INFO][AUSF][UeAuth] [0mUse 5G AKA auth method
2025-05-21T22:54:21.208151905Z[36m [INFO][AUSF][5gAka] [0mXresStar = 3064366532383830336331356430323038623734363137353431353336306534
2025-05-21T22:54:21.208190287Z[36m [INFO][AUSF][GIN] [0m| 201 |   10.100.200.11 | POST    | /nausf-auth/v1/ue-authentications |
2025-05-21T22:54:21.213135025Z[36m [INFO][AUSF][5gAka] [0mAuth5gAkaComfirmRequest
2025-05-21T22:54:21.213150714Z[36m [INFO][AUSF][5gAka] [0mres*: 3064366532383830336331356430323038623734363137353431353336306534
Xres*: 3064366532383830336331356430323038623734363137353431353336306534
2025-05-21T22:54:21.213155754Z[36m [INFO][AUSF][5gAka] [0m5G AKA confirmation succeeded
2025-05-21T22:54:21.222397525Z[36m [INFO][AUSF][GIN] [0m| 200 |   10.100.200.11 | PUT     | /nausf-auth/v1/ue-authentications/suci-0-208-93-0000-0-0-0000000004/5g-aka-confirmation |
2025-05-21T22:54:23.375525336Z[36m [INFO][AUSF][UeAuth] [0mHandleUeAuthPostRequest
2025-05-21T22:54:23.375539212Z[36m [INFO][AUSF][UeAuth] [0mServing network authorized
2025-05-21T22:54:23.393084554Z[36m [INFO][AUSF][UeAuth] [0mAdd SuciSupiPair (suci-0-208-93-0000-0-0-0000000005, imsi-208930000000005) to map.
2025-05-21T22:54:23.393102969Z[36m [INFO][AUSF][UeAuth] [0mUse 5G AKA auth method
2025-05-21T22:54:23.393110333Z[36m [INFO][AUSF][5gAka] [0mXresStar = 3764646433303533393261396331323231333837366639333362313464613362
2025-05-21T22:54:23.393151620Z[36m [INFO][AUSF][GIN] [0m| 201 |   10.100.200.11 | POST    | /nausf-auth/v1/ue-authentications |
2025-05-21T22:54:23.398541925Z[36m [INFO][AUSF][5gAka] [0mAuth5gAkaComfirmRequest
2025-05-21T22:54:23.398559628Z[36m [INFO][AUSF][5gAka] [0mres*: 3764646433303533393261396331323231333837366639333362313464613362
Xres*: 3764646433303533393261396331323231333837366639333362313464613362
2025-05-21T22:54:23.398563455Z[36m [INFO][AUSF][5gAka] [0m5G AKA confirmation succeeded
2025-05-21T22:54:23.407927505Z[36m [INFO][AUSF][GIN] [0m| 200 |   10.100.200.11 | PUT     | /nausf-auth/v1/ue-authentications/suci-0-208-93-0000-0-0-0000000005/5g-aka-confirmation |
2025-05-21T22:54:28.065167504Z[36m [INFO][AUSF][UeAuth] [0mHandleUeAuthPostRequest
2025-05-21T22:54:28.065184265Z[36m [INFO][AUSF][UeAuth] [0mServing network authorized
2025-05-21T22:54:28.082231764Z[36m [INFO][AUSF][UeAuth] [0mAdd SuciSupiPair (suci-0-208-93-0000-0-0-0000000006, imsi-208930000000006) to map.
2025-05-21T22:54:28.082249237Z[36m [INFO][AUSF][UeAuth] [0mUse 5G AKA auth method
2025-05-21T22:54:28.082260708Z[36m [INFO][AUSF][5gAka] [0mXresStar = 6262643062643961633031363538663933623363326165646134643439323463
2025-05-21T22:54:28.082286958Z[36m [INFO][AUSF][GIN] [0m| 201 |   10.100.200.11 | POST    | /nausf-auth/v1/ue-authentications |
2025-05-21T22:54:28.086377273Z[36m [INFO][AUSF][5gAka] [0mAuth5gAkaComfirmRequest
2025-05-21T22:54:28.086395798Z[36m [INFO][AUSF][5gAka] [0mres*: 6262643062643961633031363538663933623363326165646134643439323463
Xres*: 6262643062643961633031363538663933623363326165646134643439323463
2025-05-21T22:54:28.086399775Z[36m [INFO][AUSF][5gAka] [0m5G AKA confirmation succeeded
2025-05-21T22:54:28.093236674Z[36m [INFO][AUSF][GIN] [0m| 200 |   10.100.200.11 | PUT     | /nausf-auth/v1/ue-authentications/suci-0-208-93-0000-0-0-0000000006/5g-aka-confirmation |
