UERANSIM v3.2.7
[2025-05-21 22:54:21.181] [nas] [info] UE switches to state [MM-DEREGISTERED/PLMN-SEARCH]
[2025-05-21 22:54:21.182] [rrc] [debug] New signal detected for cell[1], total [1] cells in coverage
[2025-05-21 22:54:21.182] [nas] [info] Selected plmn[208/93]
[2025-05-21 22:54:21.182] [rrc] [info] Selected cell plmn[208/93] tac[1] category[SUITABLE]
[2025-05-21 22:54:21.182] [nas] [info] UE switches to state [MM-DEREGISTERED/PS]
[2025-05-21 22:54:21.182] [nas] [info] UE switches to state [MM-DEREGISTERED/NORMAL-SERVICE]
[2025-05-21 22:54:21.182] [nas] [debug] Initial registration required due to [MM-DEREG-NORMAL-SERVICE]
[2025-05-21 22:54:21.182] [nas] [debug] UAC access attempt is allowed for identity[0], category[MO_sig]
[2025-05-21 22:54:21.182] [nas] [debug] Sending Initial Registration
[2025-05-21 22:54:21.182] [nas] [info] UE switches to state [MM-REGISTER-INITIATED]
[2025-05-21 22:54:21.182] [rrc] [debug] Sending RRC Setup Request
[2025-05-21 22:54:21.182] [rrc] [info] RRC connection established
[2025-05-21 22:54:21.182] [rrc] [info] UE switches to state [RRC-CONNECTED]
[2025-05-21 22:54:21.182] [nas] [info] UE switches to state [CM-CONNECTED]
[2025-05-21 22:54:21.208] [nas] [debug] Authentication Request received
[2025-05-21 22:54:21.208] [nas] [debug] Received SQN [000000000023]
[2025-05-21 22:54:21.208] [nas] [debug] SQN-MS [000000000000]
[2025-05-21 22:54:21.223] [nas] [debug] Security Mode Command received
[2025-05-21 22:54:21.223] [nas] [debug] Selected integrity[2] ciphering[0]
[2025-05-21 22:54:21.291] [nas] [debug] Registration accept received
[2025-05-21 22:54:21.291] [nas] [info] UE switches to state [MM-REGISTERED/NORMAL-SERVICE]
[2025-05-21 22:54:21.291] [nas] [debug] Sending Registration Complete
[2025-05-21 22:54:21.291] [nas] [info] Initial Registration is successful
[2025-05-21 22:54:21.291] [nas] [debug] Sending PDU Session Establishment Request
[2025-05-21 22:54:21.291] [nas] [debug] UAC access attempt is allowed for identity[0], category[MO_sig]
[2025-05-21 22:54:21.497] [nas] [debug] Configuration Update Command received
[2025-05-21 22:54:21.602] [nas] [debug] PDU Session Establishment Accept received
[2025-05-21 22:54:21.602] [nas] [info] PDU Session establishment is successful PSI[1]
[2025-05-21 22:54:21.614] [app] [info] Connection setup for PDU session[1] is successful, TUN interface[uesimtun1, 10.61.0.2] is up.
