UERANSIM v3.2.7
[2025-05-21 22:53:58.184] [nas] [info] UE switches to state [MM-DEREGISTERED/PLMN-SEARCH]
[2025-05-21 22:53:58.184] [rrc] [debug] New signal detected for cell[1], total [1] cells in coverage
[2025-05-21 22:53:58.184] [nas] [info] Selected plmn[208/93]
[2025-05-21 22:53:58.184] [rrc] [info] Selected cell plmn[208/93] tac[1] category[SUITABLE]
[2025-05-21 22:53:58.184] [nas] [info] UE switches to state [MM-DEREGISTERED/PS]
[2025-05-21 22:53:58.184] [nas] [info] UE switches to state [MM-DEREGISTERED/NORMAL-SERVICE]
[2025-05-21 22:53:58.184] [nas] [debug] Initial registration required due to [MM-DEREG-NORMAL-SERVICE]
[2025-05-21 22:53:58.184] [nas] [debug] UAC access attempt is allowed for identity[0], category[MO_sig]
[2025-05-21 22:53:58.184] [nas] [debug] Sending Initial Registration
[2025-05-21 22:53:58.184] [nas] [info] UE switches to state [MM-REGISTER-INITIATED]
[2025-05-21 22:53:58.184] [rrc] [debug] Sending RRC Setup Request
[2025-05-21 22:53:58.184] [rrc] [info] RRC connection established
[2025-05-21 22:53:58.184] [rrc] [info] UE switches to state [RRC-CONNECTED]
[2025-05-21 22:53:58.184] [nas] [info] UE switches to state [CM-CONNECTED]
[2025-05-21 22:53:58.213] [nas] [debug] Authentication Request received
[2025-05-21 22:53:58.213] [nas] [debug] Received SQN [000000000023]
[2025-05-21 22:53:58.213] [nas] [debug] SQN-MS [000000000000]
[2025-05-21 22:53:58.239] [nas] [debug] Security Mode Command received
[2025-05-21 22:53:58.239] [nas] [debug] Selected integrity[2] ciphering[0]
[2025-05-21 22:53:58.329] [nas] [debug] Registration accept received
[2025-05-21 22:53:58.329] [nas] [info] UE switches to state [MM-REGISTERED/NORMAL-SERVICE]
[2025-05-21 22:53:58.329] [nas] [debug] Sending Registration Complete
[2025-05-21 22:53:58.329] [nas] [info] Initial Registration is successful
[2025-05-21 22:53:58.329] [nas] [debug] Sending PDU Session Establishment Request
[2025-05-21 22:53:58.329] [nas] [debug] UAC access attempt is allowed for identity[0], category[MO_sig]
[2025-05-21 22:53:58.537] [nas] [debug] Configuration Update Command received
[2025-05-21 22:54:15.201] [nas] [warning] Retransmitting PDU Session Establishment Request due to T3580 expiry
[2025-05-21 22:54:15.201] [nas] [debug] UAC access attempt is allowed for identity[0], category[MO_sig]
[2025-05-21 22:54:15.294] [nas] [debug] PDU Session Establishment Accept received
[2025-05-21 22:54:15.294] [nas] [info] PDU Session establishment is successful PSI[1]
[2025-05-21 22:54:15.325] [app] [info] Connection setup for PDU session[1] is successful, TUN interface[uesimtun0, 10.60.0.1] is up.
